c:\users\sexy fr\desktop\zenko ow2\overwatch hack\x64\release\vc143.pdb
c:\users\sexy fr\desktop\zenko ow2\overwatch hack\x64\release\main.obj
c:\users\sexy fr\desktop\zenko ow2\overwatch hack\x64\release\imgui_widgets.obj
c:\users\sexy fr\desktop\zenko ow2\overwatch hack\x64\release\imgui_tables.obj
c:\users\sexy fr\desktop\zenko ow2\overwatch hack\x64\release\imgui_impl_win32.obj
c:\users\sexy fr\desktop\zenko ow2\overwatch hack\x64\release\imgui_impl_dx9.obj
c:\users\sexy fr\desktop\zenko ow2\overwatch hack\x64\release\imgui_draw.obj
c:\users\sexy fr\desktop\zenko ow2\overwatch hack\x64\release\imgui_demo.obj
c:\users\sexy fr\desktop\zenko ow2\overwatch hack\x64\release\imgui.obj
c:\users\sexy fr\desktop\zenko ow2\overwatch hack\x64\release\drv.obj
c:\users\sexy fr\desktop\zenko ow2\x64\release\overwatch hack.exe
c:\users\sexy fr\desktop\zenko ow2\overwatch hack\x64\release\overwatch hack.ipdb
c:\users\sexy fr\desktop\zenko ow2\x64\release\overwatch hack.pdb
c:\users\sexy fr\desktop\zenko ow2\overwatch hack\x64\release\overwatch hack.iobj
c:\users\sexy fr\desktop\zenko ow2\overwatch hack\x64\release\overwatch hack.tlog\cl.command.1.tlog
c:\users\sexy fr\desktop\zenko ow2\overwatch hack\x64\release\overwatch hack.tlog\cl.items.tlog
c:\users\sexy fr\desktop\zenko ow2\overwatch hack\x64\release\overwatch hack.tlog\cl.read.1.tlog
c:\users\sexy fr\desktop\zenko ow2\overwatch hack\x64\release\overwatch hack.tlog\cl.write.1.tlog
c:\users\sexy fr\desktop\zenko ow2\overwatch hack\x64\release\overwatch hack.tlog\link.command.1.tlog
c:\users\sexy fr\desktop\zenko ow2\overwatch hack\x64\release\overwatch hack.tlog\link.read.1.tlog
c:\users\sexy fr\desktop\zenko ow2\overwatch hack\x64\release\overwatch hack.tlog\link.write.1.tlog
