C:\Program Files\Microsoft Visual Studio\2022\Community\MSBuild\Microsoft\VC\v170\Microsoft.CppBuild.targets(531,5): warning MSB8028: The intermediate directory (x64\Release\) contains files shared from another project (Overwatch Hack.vcxproj, Zenko OW2.vcxproj).  This can lead to incorrect clean and rebuild behavior.
  imgui.cpp
  imgui_demo.cpp
  imgui_draw.cpp
  imgui_impl_dx9.cpp
  imgui_impl_win32.cpp
  imgui_tables.cpp
  imgui_widgets.cpp
  Main.cpp
D:\Ow2Base\Ow2\Overwatch Hack\Memory.h(103,18): warning C4267: 'initializing': conversion from 'size_t' to 'int', possible loss of data
D:\Ow2Base\Ow2\Overwatch Hack\Memory.h(162,18): warning C4267: 'initializing': conversion from 'size_t' to 'int', possible loss of data
D:\Ow2Base\Ow2\Overwatch Hack\Memory.h(191,68): warning C4244: 'argument': conversion from 'DWORD64' to 'int', possible loss of data
D:\Ow2Base\Ow2\Overwatch Hack\Aimbot.h(28,39): warning C4244: 'return': conversion from 'int' to 'float', possible loss of data
D:\Ow2Base\Ow2\Overwatch Hack\Structures.h(50,15): warning C4244: 'argument': conversion from 'time_t' to 'unsigned int', possible loss of data
D:\Ow2Base\Ow2\Overwatch Hack\Structures.h(288,23): warning C4244: 'argument': conversion from 'int' to 'float', possible loss of data
D:\Ow2Base\Ow2\Overwatch Hack\Structures.h(288,20): warning C4244: 'argument': conversion from 'int' to 'float', possible loss of data
D:\Ow2Base\Ow2\Overwatch Hack\Structures.h(344,38): warning C4244: 'argument': conversion from 'int' to 'float', possible loss of data
D:\Ow2Base\Ow2\Overwatch Hack\Structures.h(344,26): warning C4244: 'argument': conversion from 'int' to 'float', possible loss of data
D:\Ow2Base\Ow2\Overwatch Hack\Drawing.h(43,58): warning C4267: 'argument': conversion from 'size_t' to 'int', possible loss of data
D:\Ow2Base\Ow2\Overwatch Hack\Drawing.h(58,12): warning C4244: 'initializing': conversion from 'float' to 'int', possible loss of data
D:\Ow2Base\Ow2\Overwatch Hack\Drawing.h(59,12): warning C4244: 'initializing': conversion from 'float' to 'int', possible loss of data
D:\Ow2Base\Ow2\Overwatch Hack\Drawing.h(60,12): warning C4244: 'initializing': conversion from 'float' to 'int', possible loss of data
D:\Ow2Base\Ow2\Overwatch Hack\Drawing.h(61,12): warning C4244: 'initializing': conversion from 'float' to 'int', possible loss of data
D:\Ow2Base\Ow2\Overwatch Hack\Drawing.h(63,171): warning C4244: 'argument': conversion from 'double' to 'float', possible loss of data
D:\Ow2Base\Ow2\Overwatch Hack\Drawing.h(63,154): warning C4244: 'argument': conversion from 'double' to 'float', possible loss of data
D:\Ow2Base\Ow2\Overwatch Hack\Drawing.h(63,137): warning C4244: 'argument': conversion from 'double' to 'float', possible loss of data
D:\Ow2Base\Ow2\Overwatch Hack\Drawing.h(63,120): warning C4244: 'argument': conversion from 'double' to 'float', possible loss of data
D:\Ow2Base\Ow2\Overwatch Hack\Drawing.h(63,182): warning C4244: 'argument': conversion from 'int' to 'float', possible loss of data
D:\Ow2Base\Ow2\Overwatch Hack\Drawing.h(63,69): warning C4244: 'argument': conversion from 'int' to 'float', possible loss of data
D:\Ow2Base\Ow2\Overwatch Hack\Drawing.h(63,65): warning C4244: 'argument': conversion from 'int' to 'float', possible loss of data
D:\Ow2Base\Ow2\Overwatch Hack\Drawing.h(63,53): warning C4244: 'argument': conversion from 'int' to 'float', possible loss of data
D:\Ow2Base\Ow2\Overwatch Hack\Drawing.h(63,49): warning C4244: 'argument': conversion from 'int' to 'float', possible loss of data
D:\Ow2Base\Ow2\Overwatch Hack\Drawing.h(67,11): warning C4244: 'initializing': conversion from 'float' to 'int', possible loss of data
D:\Ow2Base\Ow2\Overwatch Hack\Drawing.h(68,11): warning C4244: 'initializing': conversion from 'float' to 'int', possible loss of data
D:\Ow2Base\Ow2\Overwatch Hack\Drawing.h(69,163): warning C4244: 'argument': conversion from 'double' to 'float', possible loss of data
D:\Ow2Base\Ow2\Overwatch Hack\Drawing.h(69,146): warning C4244: 'argument': conversion from 'double' to 'float', possible loss of data
D:\Ow2Base\Ow2\Overwatch Hack\Drawing.h(69,129): warning C4244: 'argument': conversion from 'double' to 'float', possible loss of data
D:\Ow2Base\Ow2\Overwatch Hack\Drawing.h(69,112): warning C4244: 'argument': conversion from 'double' to 'float', possible loss of data
D:\Ow2Base\Ow2\Overwatch Hack\Drawing.h(69,58): warning C4244: 'argument': conversion from 'int' to 'float', possible loss of data
D:\Ow2Base\Ow2\Overwatch Hack\Drawing.h(69,54): warning C4244: 'argument': conversion from 'int' to 'float', possible loss of data
D:\Ow2Base\Ow2\Overwatch Hack\Drawing.h(69,51): warning C4244: 'argument': conversion from 'int' to 'float', possible loss of data
D:\Ow2Base\Ow2\Overwatch Hack\Drawing.h(73,11): warning C4244: 'initializing': conversion from 'float' to 'int', possible loss of data
D:\Ow2Base\Ow2\Overwatch Hack\Drawing.h(74,11): warning C4244: 'initializing': conversion from 'float' to 'int', possible loss of data
D:\Ow2Base\Ow2\Overwatch Hack\Drawing.h(75,172): warning C4244: 'argument': conversion from 'double' to 'float', possible loss of data
D:\Ow2Base\Ow2\Overwatch Hack\Drawing.h(75,155): warning C4244: 'argument': conversion from 'double' to 'float', possible loss of data
D:\Ow2Base\Ow2\Overwatch Hack\Drawing.h(75,138): warning C4244: 'argument': conversion from 'double' to 'float', possible loss of data
D:\Ow2Base\Ow2\Overwatch Hack\Drawing.h(75,121): warning C4244: 'argument': conversion from 'double' to 'float', possible loss of data
D:\Ow2Base\Ow2\Overwatch Hack\Drawing.h(75,67): warning C4244: 'argument': conversion from 'int' to 'float', possible loss of data
D:\Ow2Base\Ow2\Overwatch Hack\Drawing.h(75,63): warning C4244: 'argument': conversion from 'int' to 'float', possible loss of data
D:\Ow2Base\Ow2\Overwatch Hack\Drawing.h(75,60): warning C4244: 'argument': conversion from 'int' to 'float', possible loss of data
D:\Ow2Base\Ow2\Overwatch Hack\Drawing.h(84,29): warning C4244: 'argument': conversion from 'float' to 'int', possible loss of data
D:\Ow2Base\Ow2\Overwatch Hack\Drawing.h(85,29): warning C4244: 'argument': conversion from 'float' to 'int', possible loss of data
D:\Ow2Base\Ow2\Overwatch Hack\Drawing.h(86,29): warning C4244: 'argument': conversion from 'float' to 'int', possible loss of data
D:\Ow2Base\Ow2\Overwatch Hack\Drawing.h(87,29): warning C4244: 'argument': conversion from 'float' to 'int', possible loss of data
D:\Ow2Base\Ow2\Overwatch Hack\Drawing.h(92,59): warning C4244: 'argument': conversion from 'int' to 'float', possible loss of data
D:\Ow2Base\Ow2\Overwatch Hack\Drawing.h(92,54): warning C4244: 'argument': conversion from 'int' to 'float', possible loss of data
D:\Ow2Base\Ow2\Overwatch Hack\Drawing.h(93,59): warning C4244: 'argument': conversion from 'int' to 'float', possible loss of data
D:\Ow2Base\Ow2\Overwatch Hack\Drawing.h(93,54): warning C4244: 'argument': conversion from 'int' to 'float', possible loss of data
D:\Ow2Base\Ow2\Overwatch Hack\Drawing.h(94,57): warning C4244: 'argument': conversion from 'int' to 'float', possible loss of data
D:\Ow2Base\Ow2\Overwatch Hack\Drawing.h(94,52): warning C4244: 'argument': conversion from 'int' to 'float', possible loss of data
D:\Ow2Base\Ow2\Overwatch Hack\Drawing.h(95,57): warning C4244: 'argument': conversion from 'int' to 'float', possible loss of data
D:\Ow2Base\Ow2\Overwatch Hack\Drawing.h(95,52): warning C4244: 'argument': conversion from 'int' to 'float', possible loss of data
D:\Ow2Base\Ow2\Overwatch Hack\Drawing.h(96,55): warning C4244: 'argument': conversion from 'int' to 'float', possible loss of data
D:\Ow2Base\Ow2\Overwatch Hack\Drawing.h(96,52): warning C4244: 'argument': conversion from 'int' to 'float', possible loss of data
D:\Ow2Base\Ow2\Overwatch Hack\Drawing.h(100,11): warning C4244: 'initializing': conversion from 'float' to 'int', possible loss of data
D:\Ow2Base\Ow2\Overwatch Hack\Drawing.h(101,11): warning C4244: 'initializing': conversion from 'float' to 'int', possible loss of data
D:\Ow2Base\Ow2\Overwatch Hack\Drawing.h(102,11): warning C4244: 'initializing': conversion from 'float' to 'int', possible loss of data
D:\Ow2Base\Ow2\Overwatch Hack\Drawing.h(103,11): warning C4244: 'initializing': conversion from 'float' to 'int', possible loss of data
D:\Ow2Base\Ow2\Overwatch Hack\Drawing.h(105,17): warning C4244: 'initializing': conversion from 'int' to 'float', possible loss of data
D:\Ow2Base\Ow2\Overwatch Hack\Drawing.h(106,17): warning C4244: 'initializing': conversion from 'int' to 'float', possible loss of data
D:\Ow2Base\Ow2\Overwatch Hack\Drawing.h(110,85): warning C4244: 'argument': conversion from 'float' to 'int', possible loss of data
D:\Ow2Base\Ow2\Overwatch Hack\Drawing.h(111,85): warning C4244: 'argument': conversion from 'float' to 'int', possible loss of data
D:\Ow2Base\Ow2\Overwatch Hack\Drawing.h(112,93): warning C4244: 'argument': conversion from 'float' to 'int', possible loss of data
D:\Ow2Base\Ow2\Overwatch Hack\Drawing.h(113,93): warning C4244: 'argument': conversion from 'float' to 'int', possible loss of data
D:\Ow2Base\Ow2\Overwatch Hack\Drawing.h(114,93): warning C4244: 'argument': conversion from 'float' to 'int', possible loss of data
D:\Ow2Base\Ow2\Overwatch Hack\Drawing.h(115,93): warning C4244: 'argument': conversion from 'float' to 'int', possible loss of data
D:\Ow2Base\Ow2\Overwatch Hack\Drawing.h(116,101): warning C4244: 'argument': conversion from 'float' to 'int', possible loss of data
D:\Ow2Base\Ow2\Overwatch Hack\Drawing.h(117,101): warning C4244: 'argument': conversion from 'float' to 'int', possible loss of data
D:\Ow2Base\Ow2\Overwatch Hack\Drawing.h(120,62): warning C4244: 'argument': conversion from 'float' to 'int', possible loss of data
D:\Ow2Base\Ow2\Overwatch Hack\Drawing.h(120,37): warning C4244: 'argument': conversion from 'int' to 'float', possible loss of data
D:\Ow2Base\Ow2\Overwatch Hack\Drawing.h(120,25): warning C4244: 'argument': conversion from 'int' to 'float', possible loss of data
D:\Ow2Base\Ow2\Overwatch Hack\Drawing.h(120,22): warning C4244: 'argument': conversion from 'int' to 'float', possible loss of data
D:\Ow2Base\Ow2\Overwatch Hack\Drawing.h(121,62): warning C4244: 'argument': conversion from 'float' to 'int', possible loss of data
D:\Ow2Base\Ow2\Overwatch Hack\Drawing.h(121,48): warning C4244: 'argument': conversion from 'int' to 'float', possible loss of data
D:\Ow2Base\Ow2\Overwatch Hack\Drawing.h(121,25): warning C4244: 'argument': conversion from 'int' to 'float', possible loss of data
D:\Ow2Base\Ow2\Overwatch Hack\Drawing.h(121,22): warning C4244: 'argument': conversion from 'int' to 'float', possible loss of data
D:\Ow2Base\Ow2\Overwatch Hack\Drawing.h(122,70): warning C4244: 'argument': conversion from 'float' to 'int', possible loss of data
D:\Ow2Base\Ow2\Overwatch Hack\Drawing.h(122,56): warning C4244: 'argument': conversion from 'int' to 'float', possible loss of data
D:\Ow2Base\Ow2\Overwatch Hack\Drawing.h(122,51): warning C4244: 'argument': conversion from 'int' to 'float', possible loss of data
D:\Ow2Base\Ow2\Overwatch Hack\Drawing.h(122,37): warning C4244: 'argument': conversion from 'int' to 'float', possible loss of data
D:\Ow2Base\Ow2\Overwatch Hack\Drawing.h(123,70): warning C4244: 'argument': conversion from 'float' to 'int', possible loss of data
D:\Ow2Base\Ow2\Overwatch Hack\Drawing.h(123,43): warning C4244: 'argument': conversion from 'int' to 'float', possible loss of data
D:\Ow2Base\Ow2\Overwatch Hack\Drawing.h(123,29): warning C4244: 'argument': conversion from 'int' to 'float', possible loss of data
D:\Ow2Base\Ow2\Overwatch Hack\Drawing.h(123,24): warning C4244: 'argument': conversion from 'int' to 'float', possible loss of data
D:\Ow2Base\Ow2\Overwatch Hack\Drawing.h(124,70): warning C4244: 'argument': conversion from 'float' to 'int', possible loss of data
D:\Ow2Base\Ow2\Overwatch Hack\Drawing.h(124,54): warning C4244: 'argument': conversion from 'int' to 'float', possible loss of data
D:\Ow2Base\Ow2\Overwatch Hack\Drawing.h(124,49): warning C4244: 'argument': conversion from 'int' to 'float', possible loss of data
D:\Ow2Base\Ow2\Overwatch Hack\Drawing.h(124,22): warning C4244: 'argument': conversion from 'int' to 'float', possible loss of data
D:\Ow2Base\Ow2\Overwatch Hack\Drawing.h(125,70): warning C4244: 'argument': conversion from 'float' to 'int', possible loss of data
D:\Ow2Base\Ow2\Overwatch Hack\Drawing.h(125,54): warning C4244: 'argument': conversion from 'int' to 'float', possible loss of data
D:\Ow2Base\Ow2\Overwatch Hack\Drawing.h(125,27): warning C4244: 'argument': conversion from 'int' to 'float', possible loss of data
D:\Ow2Base\Ow2\Overwatch Hack\Drawing.h(125,22): warning C4244: 'argument': conversion from 'int' to 'float', possible loss of data
D:\Ow2Base\Ow2\Overwatch Hack\Drawing.h(126,78): warning C4244: 'argument': conversion from 'float' to 'int', possible loss of data
D:\Ow2Base\Ow2\Overwatch Hack\Drawing.h(126,62): warning C4244: 'argument': conversion from 'int' to 'float', possible loss of data
D:\Ow2Base\Ow2\Overwatch Hack\Drawing.h(126,55): warning C4244: 'argument': conversion from 'int' to 'float', possible loss of data
D:\Ow2Base\Ow2\Overwatch Hack\Drawing.h(126,39): warning C4244: 'argument': conversion from 'int' to 'float', possible loss of data
D:\Ow2Base\Ow2\Overwatch Hack\Drawing.h(127,78): warning C4244: 'argument': conversion from 'float' to 'int', possible loss of data
D:\Ow2Base\Ow2\Overwatch Hack\Drawing.h(127,62): warning C4244: 'argument': conversion from 'int' to 'float', possible loss of data
D:\Ow2Base\Ow2\Overwatch Hack\Drawing.h(127,55): warning C4244: 'argument': conversion from 'int' to 'float', possible loss of data
D:\Ow2Base\Ow2\Overwatch Hack\Drawing.h(127,24): warning C4244: 'argument': conversion from 'int' to 'float', possible loss of data
D:\Ow2Base\Ow2\Overwatch Hack\Drawing.h(159,72): warning C4244: 'argument': conversion from 'float' to 'int', possible loss of data
D:\Ow2Base\Ow2\Overwatch Hack\Drawing.h(160,72): warning C4244: 'argument': conversion from 'float' to 'int', possible loss of data
D:\Ow2Base\Ow2\Overwatch Hack\Main.h(215,40): warning C4244: 'argument': conversion from 'int' to 'float', possible loss of data
D:\Ow2Base\Ow2\Overwatch Hack\Main.h(215,28): warning C4244: 'argument': conversion from 'int' to 'float', possible loss of data
D:\Ow2Base\Ow2\Overwatch Hack\Main.h(225,73): warning C4305: '-=': truncation from 'double' to 'float'
D:\Ow2Base\Ow2\Overwatch Hack\Main.h(225,88): warning C4305: '-=': truncation from 'double' to 'float'
D:\Ow2Base\Ow2\Overwatch Hack\Main.h(244,47): warning C4244: 'argument': conversion from 'int' to 'float', possible loss of data
D:\Ow2Base\Ow2\Overwatch Hack\Main.h(244,40): warning C4244: 'argument': conversion from 'int' to 'float', possible loss of data
D:\Ow2Base\Ow2\Overwatch Hack\Main.h(267,114): warning C4244: 'argument': conversion from 'float' to 'DWORD', possible loss of data
D:\Ow2Base\Ow2\Overwatch Hack\Main.h(267,91): warning C4244: 'argument': conversion from 'float' to 'DWORD', possible loss of data
D:\Ow2Base\Ow2\Overwatch Hack\Main.h(267,68): warning C4244: 'argument': conversion from 'float' to 'DWORD', possible loss of data
D:\Ow2Base\Ow2\Overwatch Hack\Main.h(290,55): warning C4244: 'argument': conversion from 'int' to 'float', possible loss of data
D:\Ow2Base\Ow2\Overwatch Hack\Main.h(290,43): warning C4244: 'argument': conversion from 'int' to 'float', possible loss of data
D:\Ow2Base\Ow2\Overwatch Hack\Main.h(291,54): warning C4244: 'argument': conversion from 'double' to 'int', possible loss of data
D:\Ow2Base\Ow2\Overwatch Hack\Main.h(311,79): warning C4305: '-=': truncation from 'double' to 'float'
D:\Ow2Base\Ow2\Overwatch Hack\Main.h(311,97): warning C4305: '-=': truncation from 'double' to 'float'
D:\Ow2Base\Ow2\Overwatch Hack\Main.h(332,78): warning C4305: '-=': truncation from 'double' to 'float'
D:\Ow2Base\Ow2\Overwatch Hack\Main.cpp(121,17): warning C4305: '=': truncation from 'unsigned long' to 'bool'
D:\Ow2Base\Ow2\Overwatch Hack\Main.cpp(243,7): warning C4101: 'overlaywindow': unreferenced local variable
  Generating Code...
D:\Ow2Base\Ow2\Overwatch Hack\Memory.h(49): warning C4715: 'GetBaseAddress': not all control paths return a value
  SonyDriverHelper.lib(StaticLib1.obj) : MSIL .netmodule or module compiled with /GL found; restarting link with /LTCG; add /LTCG to the link command line to improve linker performance
  Generating code
  Finished generating code
SonyDriverHelper.lib(StaticLib1.obj) : warning LNK4099: PDB '' was not found with 'SonyDriverHelper.lib(StaticLib1.obj)' or at ''; linking object as if no debug info
  Overwatch Hack.vcxproj -> D:\Ow2Base\Ow2\x64\Release\Simple OW2.exe
